<?xml version="1.0" encoding="UTF-8"?>
<testsuites name="bun test" tests="9" assertions="13" failures="0" skipped="0" time="0.081674">
  <testsuite name="property-tests/arbitrage/arbitrage.property.test.ts" file="property-tests/arbitrage/arbitrage.property.test.ts" tests="6" assertions="0" failures="0" skipped="0" time="0" hostname="Mac.attlocal.net">
    <testsuite name="Arbitrage Detection Property Tests" file="property-tests/arbitrage/arbitrage.property.test.ts" line="44" tests="3" assertions="0" failures="0" skipped="0" time="0.015" hostname="Mac.attlocal.net">
      <testcase name="detects arbitrage opportunities correctly" classname="Arbitrage Detection Property Tests" time="0.008605" file="property-tests/arbitrage/arbitrage.property.test.ts" line="45" assertions="0" />
      <testcase name="handles edge cases correctly" classname="Arbitrage Detection Property Tests" time="0.004066" file="property-tests/arbitrage/arbitrage.property.test.ts" line="86" assertions="0" />
      <testcase name="validates stake distribution" classname="Arbitrage Detection Property Tests" time="0.003034" file="property-tests/arbitrage/arbitrage.property.test.ts" line="116" assertions="0" />
    </testsuite>
    <testsuite name="Odds Validation Property Tests" file="property-tests/arbitrage/arbitrage.property.test.ts" line="148" tests="2" assertions="0" failures="0" skipped="0" time="0.004" hostname="Mac.attlocal.net">
      <testcase name="validates odds format correctly" classname="Odds Validation Property Tests" time="0.004574" file="property-tests/arbitrage/arbitrage.property.test.ts" line="149" assertions="0" />
      <testcase name="handles special number cases" classname="Odds Validation Property Tests" time="0.000351" file="property-tests/arbitrage/arbitrage.property.test.ts" line="169" assertions="0" />
    </testsuite>
    <testcase name="handles leap year timestamp edge cases correctly" classname="" time="0.000155" file="property-tests/arbitrage/arbitrage.property.test.ts" line="187" assertions="0" />
  </testsuite>
  <testsuite name="packages/testing/src/contracts/websocket-simple.test.ts" file="packages/testing/src/contracts/websocket-simple.test.ts" tests="3" assertions="13" failures="0" skipped="0" time="0" hostname="Mac.attlocal.net">
    <testsuite name="WebSocket Contract Tests (Simple)" file="packages/testing/src/contracts/websocket-simple.test.ts" line="6" tests="3" assertions="13" failures="0" skipped="0" time="0" hostname="Mac.attlocal.net">
      <testcase name="validates WebSocket message structure" classname="WebSocket Contract Tests (Simple)" time="0.000142" file="packages/testing/src/contracts/websocket-simple.test.ts" line="7" assertions="5" />
      <testcase name="validates arbitrage alert structure" classname="WebSocket Contract Tests (Simple)" time="0.000053" file="packages/testing/src/contracts/websocket-simple.test.ts" line="25" assertions="4" />
      <testcase name="validates market data structure" classname="WebSocket Contract Tests (Simple)" time="0.000067" file="packages/testing/src/contracts/websocket-simple.test.ts" line="43" assertions="4" />
    </testsuite>
  </testsuite>
</testsuites>
